
--------------------------------------------------
TXLib соболезнует...

Программа: D:\платформер\проект платформер\bin\Release\проект платформер.exe, файл: d:\codeblocks\mingw\include\txlib.h, строка: 13657, функция: bool {anonymous}::TX::txTransparentBlt(HDC, double, double, double, double, HDC, double, double, COLORREF),

Сообщение: Параметр "sourceImage" неверен. Возможно, этот холст не создан, или уже уничтожен, или не загрузилась картинка.

#1: TXLib [Ver: 00173a, Rev: 171, Date: 2022-07-23 02:08:28 +0400], Instance: 0x0051956C (32-bit), Flags: CMdRe0, Thread: 0x43C (Main), GetLastError(): 13 (Недопустимые данные). 

--------------------------------------------------
Стек вызовов:

# 3 0x76F27BBE in C:\Windows\SYSTEM32\ntdll.dll: RtlGetAppContainerNamedObjectPath()
# 4 0x76F27B8E in C:\Windows\SYSTEM32\ntdll.dll: RtlGetAppContainerNamedObjectPath()

--------------------------------------------------
Стек вызовов TX:

# 0 in bool {anonymous}::TX::txTransparentBlt(HDC, double, double, double, double, HDC, double, double, COLORREF) at d:\codeblocks\mingw\include\txlib.h (13657):

  13655: 
  13656: $1  if (_TX_HDC_FAILED (destImage))   return false;
=>13657: $   if (_TX_HDC_FAILED (sourceImage)) return false;
  13658: 
  13659:     // Это автоматическое определение размеров картинки (точнее, HDC источника - source) с помощью txGetExtent().

# 1 in int main() at D:\платформер\проект платформер\main.cpp (61):

     59: 
     60:  txTransparentBlt (txDC(), 312, y, 50, 50,image, 0, 0,TX_WHITE);
=>   61:  txTransparentBlt (txDC(),xbb, 338, 50, 50,ibb, 0, 0,TX_WHITE);
     62: 
     63: 

--------------------------------------------------
Developed with:

The Dumb Artist Library (TX Library)
TXLib [Ver: 00173a, Rev: 171, Date: 2022-07-23 02:08:28 +0400]
Copyright (C) Ded (Ilya Dedinsky, http://txlib.ru) <mail@txlib.ru>
See license on: http://txlib.ru

TXLib file:	d:\codeblocks\mingw\include\txlib.h
Compiled:	Mar 10 2023 17:53:39, GNU g++ 4.8.1, std=201103L, MinGW Runtime 3.20, 32-bit, DEBUG
Started:	Mar 10 2023 17:53:48

Run file:	D:\платформер\проект платформер\bin\Release\проект платформер.exe
Directory:	D:\платформер\проект платформер

--------------------------------------------------

--------------------------------------------------
TXLib сообщает:

Программа: D:\платформер\проект платформер\bin\Release\проект платформер.exe, файл: d:\codeblocks\mingw\include\txlib.h, строка: 13678, функция: bool {anonymous}::TX::txTransparentBlt(HDC, double, double, double, double, HDC, double, double, COLORREF),

Сообщение: Прямоугольник копируемой области {0, 0, 40, 40} не полностью лежит внутри изображения-источника {0, 0, 35, 35}, функция txTransparentBlt() работать не будет.

#1: TXLib [Ver: 00173a, Rev: 171, Date: 2022-07-23 02:08:28 +0400], Instance: 0x0051956C (32-bit), Flags: CMdRe0, Thread: 0xC40 (Main), GetLastError(): 13 (Недопустимые данные). 
From: d:\codeblocks\mingw\include\txlib.h (13677) bool {anonymous}::TX::txTransparentBlt(HDC, double, double, double, double, HDC, double, double, COLORREF).

--------------------------------------------------
Стек вызовов:

# 3 0x76FD7BBE in C:\Windows\SYSTEM32\ntdll.dll: RtlGetAppContainerNamedObjectPath()
# 4 0x76FD7B8E in C:\Windows\SYSTEM32\ntdll.dll: RtlGetAppContainerNamedObjectPath()

--------------------------------------------------
Стек вызовов TX:

# 0 in bool {anonymous}::TX::txTransparentBlt(HDC, double, double, double, double, HDC, double, double, COLORREF) at d:\codeblocks\mingw\include\txlib.h (13677):

  13675:         {
  13676: $       SetLastError (ERROR_INVALID_DATA);
=>13677: $       TX_ERROR ("Прямоугольник копируемой области {%g, %g, %g, %g} не полностью лежит внутри изображения-источника {%d, %d, %d, %d}, "
  13678:                   "функция txTransparentBlt() работать не будет.", xSource, ySource, xSource + width, ySource + height, 0, 0, (int) size.x, (int) size.y);
  13679:         }

# 1 in int main() at D:\платформер\проект платформер\main.cpp (69):

     67: 
     68:  txTransparentBlt (txDC(), 312, y, 50, 50,image, 0, 0,TX_WHITE);
=>   69:  txTransparentBlt (txDC(),xbb, 353, 40, 40,ibb, 0, 0,RGB(237,28,36));
     70: 
     71: 

--------------------------------------------------
Developed with:

The Dumb Artist Library (TX Library)
TXLib [Ver: 00173a, Rev: 171, Date: 2022-07-23 02:08:28 +0400]
Copyright (C) Ded (Ilya Dedinsky, http://txlib.ru) <mail@txlib.ru>
See license on: http://txlib.ru

TXLib file:	d:\codeblocks\mingw\include\txlib.h
Compiled:	Mar 11 2023 21:30:43, GNU g++ 4.8.1, std=201103L, MinGW Runtime 3.20, 32-bit, DEBUG
Started:	Mar 11 2023 21:30:52

Run file:	D:\платформер\проект платформер\bin\Release\проект платформер.exe
Directory:	D:\платформер\проект платформер

--------------------------------------------------
